<?xml version='1.0' encoding='UTF-8'?>
<testsuite hostname="kamil-Latitude-E6540" name="authentication.AuthenticationHandlerTest" tests="4" errors="0" failures="0" skipped="0" time="0.623" timestamp="2021-09-22T20:42:17">
          <properties>
[...]
</properties>
          <testcase classname="authentication.AuthenticationHandlerTest" name="Authentication should be performed successfully" time="0.598">
                      
                    </testcase><testcase classname="authentication.AuthenticationHandlerTest" name="Authentication should be failed on request without authorization header" time="0.015">
                      
                    </testcase><testcase classname="authentication.AuthenticationHandlerTest" name="Authentication should be failed on request with &quot;Basic&quot; authorization header" time="0.004">
                      
                    </testcase><testcase classname="authentication.AuthenticationHandlerTest" name="Authentication should be failed on request with incorrect JWT token" time="0.006">
                      
                    </testcase>
          <system-out><![CDATA[]]></system-out>
          <system-err><![CDATA[]]></system-err>
        </testsuite>