<?xml version="1.0"?>
<!DOCTYPE coverage SYSTEM "http://cobertura.sourceforge.net/xml/coverage-04.dtd">
<coverage 
line-rate="0.32" lines-valid="247" lines-covered="78" branches-valid="10" branches-covered="0" branch-rate="0.00" complexity="0" version="1.0" timestamp="1632336166597">
    <sources>
        <source>--source</source>
        <source>/home/kamil/Pulpit/Iterators/taskmanager/app</source>
        <source>/home/kamil/Pulpit/Iterators/taskmanager/app</source>
        <source>/home/kamil/Pulpit/Iterators/taskmanager/target/scala-2.13/twirl/main</source>
        <source>/home/kamil/Pulpit/Iterators/taskmanager/target/scala-2.13/routes/main</source>
    </sources>
    <packages>
        <package name="authentication" line-rate="1.00" branch-rate="1.00" complexity="0">
            <classes>
                <class 
                name="authentication.AuthenticationHandler" filename="authentication/AuthenticationHandler.scala" line-rate="1.00" branch-rate="1.00" complexity="0">
                    <methods>
                        <method 
                        name="authentication/AuthenticationHandler/&lt;none&gt;" signature="()V" line-rate="1.00" branch-rate="1.00" complexity="0">
                            <lines>
                                <line number="21" hits="1" branch="false"/>
                                <line number="26" hits="1" branch="false"/>
                                <line number="18" hits="1" branch="false"/>
                                <line number="29" hits="1" branch="false"/>
                                <line number="26" hits="1" branch="false"/>
                                <line number="20" hits="1" branch="false"/>
                                <line number="25" hits="1" branch="false"/>
                                <line number="21" hits="1" branch="false"/>
                                <line number="26" hits="1" branch="false"/>
                                <line number="19" hits="1" branch="false"/>
                            </lines>
</method>
                        <method 
                        name="authentication/AuthenticationHandler/secretKey" signature="()V" line-rate="1.00" branch-rate="1.00" complexity="0">
                            <lines>
                                <line number="11" hits="1" branch="false"/>
                                <line number="11" hits="1" branch="false"/>
                                <line number="11" hits="1" branch="false"/>
                            </lines>
</method>
                        <method 
                        name="authentication/AuthenticationHandler/performWithAuthentication" signature="()V" line-rate="1.00" branch-rate="1.00" complexity="0">
                            <lines>
                                <line number="15" hits="1" branch="false"/>
                            </lines>
</method>
                    </methods>
                    <lines>
                        <line number="21" hits="1" branch="false"/>
                        <line number="26" hits="1" branch="false"/>
                        <line number="11" hits="1" branch="false"/>
                        <line number="18" hits="1" branch="false"/>
                        <line number="29" hits="1" branch="false"/>
                        <line number="15" hits="1" branch="false"/>
                        <line number="26" hits="1" branch="false"/>
                        <line number="20" hits="1" branch="false"/>
                        <line number="25" hits="1" branch="false"/>
                        <line number="11" hits="1" branch="false"/>
                        <line number="21" hits="1" branch="false"/>
                        <line number="11" hits="1" branch="false"/>
                        <line number="26" hits="1" branch="false"/>
                        <line number="19" hits="1" branch="false"/>
                    </lines>
</class>
            </classes>
        </package>
        <package name="common" line-rate="0.38" branch-rate="1.00" complexity="0">
            <classes>
                <class 
                name="common.ResultMapper" filename="common/ResultMapper.scala" line-rate="0.38" branch-rate="1.00" complexity="0">
                    <methods>
                        <method name="common/ResultMapper/mapErrorToResult" signature="()V" line-rate="0.38" branch-rate="1.00" complexity="0">
                            <lines>
                                <line number="12" hits="0" branch="false"/>
                                <line number="11" hits="1" branch="false"/>
                                <line number="13" hits="0" branch="false"/>
                                <line number="12" hits="0" branch="false"/>
                                <line number="12" hits="0" branch="false"/>
                                <line number="11" hits="1" branch="false"/>
                                <line number="13" hits="0" branch="false"/>
                                <line number="11" hits="1" branch="false"/>
                                <line number="13" hits="0" branch="false"/>
                                <line number="11" hits="1" branch="false"/>
                                <line number="12" hits="0" branch="false"/>
                                <line number="10" hits="1" branch="false"/>
                                <line number="13" hits="0" branch="false"/>
                            </lines>
                        </method>
                    </methods>
                    <lines>
                        <line number="12" hits="0" branch="false"/>
                        <line number="11" hits="1" branch="false"/>
                        <line number="13" hits="0" branch="false"/>
                        <line number="12" hits="0" branch="false"/>
                        <line number="12" hits="0" branch="false"/>
                        <line number="11" hits="1" branch="false"/>
                        <line number="13" hits="0" branch="false"/>
                        <line number="11" hits="1" branch="false"/>
                        <line number="13" hits="0" branch="false"/>
                        <line number="11" hits="1" branch="false"/>
                        <line number="12" hits="0" branch="false"/>
                        <line number="10" hits="1" branch="false"/>
                        <line number="13" hits="0" branch="false"/>
                    </lines>
</class>
            </classes>
        </package>
        <package name="configuration" line-rate="0.00" branch-rate="0.00" complexity="0">
            <classes>
                <class 
                name="configuration.MongoDbManager" filename="configuration/MongoDbManager.scala" line-rate="0.00" branch-rate="0.00" complexity="0">
                    <methods>
                        <method 
                        name="configuration/MongoDbManager/&lt;none&gt;" signature="()V" line-rate="0.00" branch-rate="0.00" complexity="0">
                            <lines>
                                <line number="10" hits="0" branch="false"/>
                                <line number="9" hits="0" branch="false"/>
                            </lines>
</method>
                    </methods>
                    <lines>
                        <line number="10" hits="0" branch="false"/>
                        <line number="9" hits="0" branch="false"/>
                    </lines>
</class>
            </classes>
        </package>
        <package name="controllers" line-rate="0.40" branch-rate="0.00" complexity="0">
            <classes>
                <class 
                name="controllers.ReverseAssets" filename="controllers/ReverseRoutes.scala" line-rate="0.00" branch-rate="0.00" complexity="0">
                    <methods>
                        <method name="controllers/ReverseAssets/versioned" signature="()V" line-rate="0.00" branch-rate="0.00" complexity="0">
                            <lines>
                                <line number="37" hits="0" branch="false"/>
                                <line number="37" hits="0" branch="false"/>
                                <line number="37" hits="0" branch="false"/>
                                <line number="37" hits="0" branch="false"/>
                                <line number="37" hits="0" branch="false"/>
                                <line number="37" hits="0" branch="false"/>
                                <line number="37" hits="0" branch="false"/>
                            </lines>
                        </method>
                        <method 
                        name="controllers/ReverseAssets/_defaultPrefix" signature="()V" line-rate="0.00" branch-rate="0.00" complexity="0">
                            <lines>
                                <line number="30" hits="0" branch="true"/>
                                <line number="30" hits="0" branch="false"/>
                                <line number="30" hits="0" branch="true"/>
                                <line number="30" hits="0" branch="false"/>
                                <line number="30" hits="0" branch="false"/>
                            </lines>
</method>
                    </methods>
                    <lines>
                        <line number="37" hits="0" branch="false"/>
                        <line number="37" hits="0" branch="false"/>
                        <line number="30" hits="0" branch="true"/>
                        <line number="37" hits="0" branch="false"/>
                        <line number="30" hits="0" branch="false"/>
                        <line number="30" hits="0" branch="true"/>
                        <line number="37" hits="0" branch="false"/>
                        <line number="37" hits="0" branch="false"/>
                        <line number="30" hits="0" branch="false"/>
                        <line number="37" hits="0" branch="false"/>
                        <line number="30" hits="0" branch="false"/>
                        <line number="37" hits="0" branch="false"/>
                    </lines>
</class>
                <class 
                name="controllers.ReverseProjectController" filename="controllers/ReverseRoutes.scala" line-rate="0.00" branch-rate="0.00" complexity="0">
                    <methods>
                        <method 
                        name="controllers/ReverseProjectController/createProject" signature="()V" line-rate="0.00" branch-rate="0.00" complexity="0">
                            <lines>
                                <line number="22" hits="0" branch="false"/>
                                <line number="22" hits="0" branch="false"/>
                                <line number="22" hits="0" branch="false"/>
                                <line number="22" hits="0" branch="false"/>
                            </lines>
</method>
                        <method 
                        name="controllers/ReverseProjectController/_defaultPrefix" signature="()V" line-rate="0.00" branch-rate="0.00" complexity="0">
                            <lines>
                                <line number="15" hits="0" branch="true"/>
                                <line number="15" hits="0" branch="false"/>
                                <line number="15" hits="0" branch="true"/>
                                <line number="15" hits="0" branch="false"/>
                                <line number="15" hits="0" branch="false"/>
                            </lines>
</method>
                    </methods>
                    <lines>
                        <line number="22" hits="0" branch="false"/>
                        <line number="22" hits="0" branch="false"/>
                        <line number="15" hits="0" branch="true"/>
                        <line number="15" hits="0" branch="false"/>
                        <line number="15" hits="0" branch="true"/>
                        <line number="22" hits="0" branch="false"/>
                        <line number="22" hits="0" branch="false"/>
                        <line number="15" hits="0" branch="false"/>
                        <line number="15" hits="0" branch="false"/>
                    </lines>
</class>
                <class 
                name="controllers.ProjectController" filename="controllers/ProjectController.scala" line-rate="1.00" branch-rate="1.00" complexity="0">
                    <methods>
                        <method 
                        name="controllers/ProjectController/&lt;none&gt;" signature="()V" line-rate="1.00" branch-rate="1.00" complexity="0">
                            <lines>
                                <line number="46" hits="1" branch="false"/>
                                <line number="52" hits="1" branch="false"/>
                                <line number="41" hits="1" branch="false"/>
                                <line number="40" hits="1" branch="false"/>
                                <line number="50" hits="1" branch="false"/>
                                <line number="45" hits="1" branch="false"/>
                                <line number="52" hits="1" branch="false"/>
                                <line number="36" hits="1" branch="false"/>
                                <line number="50" hits="1" branch="false"/>
                                <line number="45" hits="1" branch="false"/>
                                <line number="51" hits="1" branch="false"/>
                            </lines>
</method>
                        <method 
                        name="controllers/ProjectController/createProject" signature="()V" line-rate="1.00" branch-rate="1.00" complexity="0">
                            <lines>
                                <line number="31" hits="1" branch="false"/>
                                <line number="24" hits="1" branch="false"/>
                                <line number="27" hits="1" branch="false"/>
                                <line number="31" hits="1" branch="false"/>
                                <line number="30" hits="1" branch="false"/>
                                <line number="26" hits="1" branch="false"/>
                                <line number="28" hits="1" branch="false"/>
                                <line number="30" hits="1" branch="false"/>
                            </lines>
</method>
                    </methods>
                    <lines>
                        <line number="46" hits="1" branch="false"/>
                        <line number="31" hits="1" branch="false"/>
                        <line number="52" hits="1" branch="false"/>
                        <line number="24" hits="1" branch="false"/>
                        <line number="27" hits="1" branch="false"/>
                        <line number="41" hits="1" branch="false"/>
                        <line number="40" hits="1" branch="false"/>
                        <line number="50" hits="1" branch="false"/>
                        <line number="31" hits="1" branch="false"/>
                        <line number="45" hits="1" branch="false"/>
                        <line number="52" hits="1" branch="false"/>
                        <line number="30" hits="1" branch="false"/>
                        <line number="26" hits="1" branch="false"/>
                        <line number="36" hits="1" branch="false"/>
                        <line number="50" hits="1" branch="false"/>
                        <line number="45" hits="1" branch="false"/>
                        <line number="28" hits="1" branch="false"/>
                        <line number="30" hits="1" branch="false"/>
                        <line number="51" hits="1" branch="false"/>
                    </lines>
</class>
                <class 
                name="controllers.HomeController" filename="controllers/HomeController.scala" line-rate="0.00" branch-rate="0.00" complexity="0">
                    <methods>
                        <method name="controllers/HomeController/index" signature="()V" line-rate="0.00" branch-rate="0.00" complexity="0">
                            <lines>
                                <line number="22" hits="0" branch="false"/>
                                <line number="22" hits="0" branch="false"/>
                                <line number="22" hits="0" branch="false"/>
                                <line number="22" hits="0" branch="false"/>
                                <line number="21" hits="0" branch="false"/>
                                <line number="22" hits="0" branch="false"/>
                                <line number="22" hits="0" branch="false"/>
                            </lines>
                        </method>
                    </methods>
                    <lines>
                        <line number="22" hits="0" branch="false"/>
                        <line number="22" hits="0" branch="false"/>
                        <line number="22" hits="0" branch="false"/>
                        <line number="22" hits="0" branch="false"/>
                        <line number="21" hits="0" branch="false"/>
                        <line number="22" hits="0" branch="false"/>
                        <line number="22" hits="0" branch="false"/>
                    </lines>
</class>
            </classes>
        </package>
        <package name="controllers.javascript" line-rate="0.00" branch-rate="0.00" complexity="0">
            <classes>
                <class 
                name="controllers.javascript.ReverseProjectController" filename="controllers/javascript/JavaScriptReverseRoutes.scala" line-rate="0.00" branch-rate="0.00" complexity="0">
                    <methods>
                        <method 
                        name="controllers.javascript/ReverseProjectController/_defaultPrefix" signature="()V" line-rate="0.00" branch-rate="0.00" complexity="0">
                            <lines>
                                <line number="16" hits="0" branch="true"/>
                                <line number="16" hits="0" branch="false"/>
                                <line number="16" hits="0" branch="true"/>
                                <line number="16" hits="0" branch="false"/>
                                <line number="16" hits="0" branch="false"/>
                            </lines>
</method>
                        <method 
                        name="controllers.javascript/ReverseProjectController/createProject" signature="()V" line-rate="0.00" branch-rate="0.00" complexity="0">
                            <lines>
                                <line number="22" hits="0" branch="false"/>
                                <line number="21" hits="0" branch="false"/>
                                <line number="25" hits="0" branch="false"/>
                            </lines>
</method>
                    </methods>
                    <lines>
                        <line number="16" hits="0" branch="true"/>
                        <line number="22" hits="0" branch="false"/>
                        <line number="21" hits="0" branch="false"/>
                        <line number="16" hits="0" branch="false"/>
                        <line number="16" hits="0" branch="true"/>
                        <line number="16" hits="0" branch="false"/>
                        <line number="25" hits="0" branch="false"/>
                        <line number="16" hits="0" branch="false"/>
                    </lines>
</class>
                <class 
                name="controllers.javascript.ReverseAssets" filename="controllers/javascript/JavaScriptReverseRoutes.scala" line-rate="0.00" branch-rate="0.00" complexity="0">
                    <methods>
                        <method 
                        name="controllers.javascript/ReverseAssets/_defaultPrefix" signature="()V" line-rate="0.00" branch-rate="0.00" complexity="0">
                            <lines>
                                <line number="36" hits="0" branch="false"/>
                                <line number="36" hits="0" branch="true"/>
                                <line number="36" hits="0" branch="true"/>
                                <line number="36" hits="0" branch="false"/>
                                <line number="36" hits="0" branch="false"/>
                            </lines>
</method>
                        <method 
                        name="controllers.javascript/ReverseAssets/versioned" signature="()V" line-rate="0.00" branch-rate="0.00" complexity="0">
                            <lines>
                                <line number="45" hits="0" branch="false"/>
                                <line number="42" hits="0" branch="false"/>
                                <line number="41" hits="0" branch="false"/>
                            </lines>
</method>
                    </methods>
                    <lines>
                        <line number="36" hits="0" branch="false"/>
                        <line number="45" hits="0" branch="false"/>
                        <line number="36" hits="0" branch="true"/>
                        <line number="42" hits="0" branch="false"/>
                        <line number="36" hits="0" branch="true"/>
                        <line number="41" hits="0" branch="false"/>
                        <line number="36" hits="0" branch="false"/>
                        <line number="36" hits="0" branch="false"/>
                    </lines>
</class>
            </classes>
        </package>
        <package name="project" line-rate="0.37" branch-rate="1.00" complexity="0">
            <classes>
                <class 
                name="project.ProjectValidator" filename="project/ProjectValidator.scala" line-rate="1.00" branch-rate="1.00" complexity="0">
                    <methods>
                        <method name="project/ProjectValidator/validate" signature="()V" line-rate="1.00" branch-rate="1.00" complexity="0">
                            <lines>
                                <line number="14" hits="1" branch="false"/>
                                <line number="15" hits="1" branch="false"/>
                                <line number="16" hits="1" branch="false"/>
                                <line number="13" hits="1" branch="false"/>
                                <line number="13" hits="1" branch="false"/>
                                <line number="15" hits="1" branch="false"/>
                                <line number="14" hits="1" branch="false"/>
                            </lines>
                        </method>
                    </methods>
                    <lines>
                        <line number="14" hits="1" branch="false"/>
                        <line number="15" hits="1" branch="false"/>
                        <line number="16" hits="1" branch="false"/>
                        <line number="13" hits="1" branch="false"/>
                        <line number="13" hits="1" branch="false"/>
                        <line number="15" hits="1" branch="false"/>
                        <line number="14" hits="1" branch="false"/>
                    </lines>
</class>
                <class 
                name="project.ProjectRepository" filename="project/ProjectRepository.scala" line-rate="0.00" branch-rate="0.00" complexity="0">
                    <methods>
                        <method name="project/ProjectRepository/create" signature="()V" line-rate="0.00" branch-rate="0.00" complexity="0">
                            <lines>
                                <line number="30" hits="0" branch="false"/>
                                <line number="29" hits="0" branch="false"/>
                                <line number="30" hits="0" branch="false"/>
                                <line number="29" hits="0" branch="false"/>
                                <line number="30" hits="0" branch="false"/>
                                <line number="27" hits="0" branch="false"/>
                                <line number="30" hits="0" branch="false"/>
                                <line number="29" hits="0" branch="false"/>
                                <line number="30" hits="0" branch="false"/>
                                <line number="29" hits="0" branch="false"/>
                                <line number="30" hits="0" branch="false"/>
                                <line number="30" hits="0" branch="false"/>
                                <line number="29" hits="0" branch="false"/>
                            </lines>
                        </method>
                        <method name="project/ProjectRepository/find" signature="()V" line-rate="0.00" branch-rate="0.00" complexity="0">
                            <lines>
                                <line number="35" hits="0" branch="false"/>
                            </lines>
                        </method>
                        <method 
                        name="project/ProjectRepository/&lt;none&gt;" signature="()V" line-rate="0.00" branch-rate="0.00" complexity="0">
                            <lines>
                                <line number="21" hits="0" branch="false"/>
                                <line number="24" hits="0" branch="false"/>
                                <line number="21" hits="0" branch="false"/>
                                <line number="21" hits="0" branch="false"/>
                                <line number="24" hits="0" branch="false"/>
                                <line number="23" hits="0" branch="false"/>
                                <line number="24" hits="0" branch="false"/>
                                <line number="21" hits="0" branch="false"/>
                            </lines>
</method>
                    </methods>
                    <lines>
                        <line number="30" hits="0" branch="false"/>
                        <line number="29" hits="0" branch="false"/>
                        <line number="35" hits="0" branch="false"/>
                        <line number="21" hits="0" branch="false"/>
                        <line number="30" hits="0" branch="false"/>
                        <line number="24" hits="0" branch="false"/>
                        <line number="29" hits="0" branch="false"/>
                        <line number="21" hits="0" branch="false"/>
                        <line number="30" hits="0" branch="false"/>
                        <line number="27" hits="0" branch="false"/>
                        <line number="30" hits="0" branch="false"/>
                        <line number="21" hits="0" branch="false"/>
                        <line number="29" hits="0" branch="false"/>
                        <line number="30" hits="0" branch="false"/>
                        <line number="24" hits="0" branch="false"/>
                        <line number="29" hits="0" branch="false"/>
                        <line number="23" hits="0" branch="false"/>
                        <line number="24" hits="0" branch="false"/>
                        <line number="30" hits="0" branch="false"/>
                        <line number="30" hits="0" branch="false"/>
                        <line number="29" hits="0" branch="false"/>
                        <line number="21" hits="0" branch="false"/>
                    </lines>
</class>
                <class 
                name="project.ProjectAggregate" filename="project/ProjectAggregate.scala" line-rate="0.71" branch-rate="1.00" complexity="0">
                    <methods>
                        <method 
                        name="project/ProjectAggregate/createProject" signature="()V" line-rate="1.00" branch-rate="1.00" complexity="0">
                            <lines>
                                <line number="13" hits="1" branch="false"/>
                                <line number="14" hits="1" branch="false"/>
                                <line number="13" hits="1" branch="false"/>
                                <line number="13" hits="1" branch="false"/>
                                <line number="13" hits="1" branch="false"/>
                            </lines>
</method>
                        <method name="project/ProjectAggregate/getProject" signature="()V" line-rate="0.00" branch-rate="0.00" complexity="0">
                            <lines>
                                <line number="18" hits="0" branch="false"/>
                                <line number="18" hits="0" branch="false"/>
                            </lines>
                        </method>
                    </methods>
                    <lines>
                        <line number="13" hits="1" branch="false"/>
                        <line number="14" hits="1" branch="false"/>
                        <line number="18" hits="0" branch="false"/>
                        <line number="13" hits="1" branch="false"/>
                        <line number="13" hits="1" branch="false"/>
                        <line number="13" hits="1" branch="false"/>
                        <line number="18" hits="0" branch="false"/>
                    </lines>
</class>
                <class name="project.Project" filename="project/Project.scala" line-rate="1.00" branch-rate="1.00" complexity="0">
                    <methods>
                        <method name="project/Project/apply" signature="()V" line-rate="1.00" branch-rate="1.00" complexity="0">
                            <lines>
                                <line number="8" hits="1" branch="false"/>
                                <line number="8" hits="1" branch="false"/>
                            </lines>
                        </method>
                    </methods>
                    <lines>
                        <line number="8" hits="1" branch="false"/>
                        <line number="8" hits="1" branch="false"/>
                    </lines>
                </class>
            </classes>
        </package>
        <package name="project.commands" line-rate="0.90" branch-rate="1.00" complexity="0">
            <classes>
                <class 
                name="project.commands.CreateProjectCommand" filename="project/commands/CreateProjectCommand.scala" line-rate="0.90" branch-rate="1.00" complexity="0">
                    <methods>
                        <method 
                        name="project.commands/CreateProjectCommand/projectReads" signature="()V" line-rate="1.00" branch-rate="1.00" complexity="0">
                            <lines>
                                <line number="15" hits="1" branch="false"/>
                                <line number="14" hits="1" branch="false"/>
                                <line number="16" hits="1" branch="false"/>
                                <line number="14" hits="1" branch="false"/>
                                <line number="16" hits="1" branch="false"/>
                                <line number="16" hits="1" branch="false"/>
                                <line number="15" hits="1" branch="false"/>
                                <line number="14" hits="1" branch="false"/>
                                <line number="16" hits="1" branch="false"/>
                                <line number="14" hits="1" branch="false"/>
                                <line number="14" hits="1" branch="false"/>
                                <line number="16" hits="1" branch="false"/>
                                <line number="14" hits="1" branch="false"/>
                                <line number="15" hits="1" branch="false"/>
                            </lines>
</method>
                        <method 
                        name="project.commands/CreateProjectCommand/&lt;none&gt;" signature="()V" line-rate="1.00" branch-rate="1.00" complexity="0">
                            <lines>
                                <line number="19" hits="1" branch="false"/>
                                <line number="22" hits="1" branch="false"/>
                                <line number="19" hits="1" branch="false"/>
                                <line number="22" hits="1" branch="false"/>
                                <line number="19" hits="1" branch="false"/>
                                <line number="22" hits="1" branch="false"/>
                            </lines>
</method>
                        <method 
                        name="project.commands/CreateProjectCommand/mapEventualErrorToResult" signature="()V" line-rate="0.25" branch-rate="1.00" complexity="0">
                            <lines>
                                <line number="34" hits="0" branch="false"/>
                                <line number="34" hits="1" branch="false"/>
                                <line number="34" hits="0" branch="false"/>
                                <line number="34" hits="0" branch="false"/>
                            </lines>
</method>
                        <method 
                        name="project.commands/CreateProjectCommand/mapIfPossible" signature="()V" line-rate="1.00" branch-rate="1.00" complexity="0">
                            <lines>
                                <line number="26" hits="1" branch="false"/>
                                <line number="25" hits="1" branch="false"/>
                                <line number="28" hits="1" branch="false"/>
                                <line number="25" hits="1" branch="false"/>
                                <line number="26" hits="1" branch="false"/>
                            </lines>
</method>
                    </methods>
                    <lines>
                        <line number="15" hits="1" branch="false"/>
                        <line number="19" hits="1" branch="false"/>
                        <line number="34" hits="0" branch="false"/>
                        <line number="14" hits="1" branch="false"/>
                        <line number="16" hits="1" branch="false"/>
                        <line number="34" hits="1" branch="false"/>
                        <line number="22" hits="1" branch="false"/>
                        <line number="26" hits="1" branch="false"/>
                        <line number="14" hits="1" branch="false"/>
                        <line number="16" hits="1" branch="false"/>
                        <line number="16" hits="1" branch="false"/>
                        <line number="25" hits="1" branch="false"/>
                        <line number="28" hits="1" branch="false"/>
                        <line number="15" hits="1" branch="false"/>
                        <line number="19" hits="1" branch="false"/>
                        <line number="14" hits="1" branch="false"/>
                        <line number="34" hits="0" branch="false"/>
                        <line number="16" hits="1" branch="false"/>
                        <line number="22" hits="1" branch="false"/>
                        <line number="14" hits="1" branch="false"/>
                        <line number="34" hits="0" branch="false"/>
                        <line number="14" hits="1" branch="false"/>
                        <line number="16" hits="1" branch="false"/>
                        <line number="25" hits="1" branch="false"/>
                        <line number="14" hits="1" branch="false"/>
                        <line number="19" hits="1" branch="false"/>
                        <line number="26" hits="1" branch="false"/>
                        <line number="15" hits="1" branch="false"/>
                        <line number="22" hits="1" branch="false"/>
                    </lines>
</class>
            </classes>
        </package>
        <package name="router" line-rate="0.00" branch-rate="0.00" complexity="0">
            <classes>
                <class name="router.Routes" filename="router/Routes.scala" line-rate="0.00" branch-rate="0.00" complexity="0">
                    <methods>
                        <method name="router/Routes/&lt;init&gt;" signature="()V" line-rate="0.00" branch-rate="0.00" complexity="0">
                            <lines>
                                <line number="28" hits="0" branch="false"/>
                                <line number="28" hits="0" branch="false"/>
                            </lines>
                        </method>
                        <method name="router/Routes/documentation" signature="()V" line-rate="0.00" branch-rate="0.00" complexity="0">
                            <lines>
                                <line number="43" hits="0" branch="false"/>
                                <line number="41" hits="0" branch="false"/>
                                <line number="45" hits="0" branch="false"/>
                                <line number="44" hits="0" branch="false"/>
                                <line number="41" hits="0" branch="false"/>
                                <line number="42" hits="0" branch="false"/>
                                <line number="46" hits="0" branch="false"/>
                                <line number="42" hits="0" branch="false"/>
                                <line number="44" hits="0" branch="false"/>
                                <line number="42" hits="0" branch="false"/>
                                <line number="41" hits="0" branch="false"/>
                                <line number="44" hits="0" branch="false"/>
                                <line number="45" hits="0" branch="false"/>
                                <line number="41" hits="0" branch="false"/>
                                <line number="42" hits="0" branch="false"/>
                                <line number="46" hits="0" branch="false"/>
                            </lines>
                        </method>
                        <method name="router/Routes/&lt;none&gt;" signature="()V" line-rate="0.00" branch-rate="0.00" complexity="0">
                            <lines>
                                <line number="37" hits="0" branch="true"/>
                                <line number="37" hits="0" branch="false"/>
                                <line number="37" hits="0" branch="false"/>
                                <line number="37" hits="0" branch="true"/>
                                <line number="37" hits="0" branch="false"/>
                            </lines>
                        </method>
                        <method name="router/Routes/withPrefix" signature="()V" line-rate="0.00" branch-rate="0.00" complexity="0">
                            <lines>
                                <line number="32" hits="0" branch="false"/>
                                <line number="33" hits="0" branch="false"/>
                                <line number="33" hits="0" branch="false"/>
                                <line number="31" hits="0" branch="false"/>
                                <line number="33" hits="0" branch="false"/>
                                <line number="33" hits="0" branch="false"/>
                                <line number="31" hits="0" branch="false"/>
                            </lines>
                        </method>
                        <method name="router/Routes/routes" signature="()V" line-rate="0.00" branch-rate="0.00" complexity="0">
                            <lines>
                                <line number="97" hits="0" branch="false"/>
                                <line number="92" hits="0" branch="false"/>
                                <line number="97" hits="0" branch="false"/>
                                <line number="97" hits="0" branch="false"/>
                                <line number="98" hits="0" branch="false"/>
                                <line number="97" hits="0" branch="false"/>
                                <line number="97" hits="0" branch="false"/>
                                <line number="92" hits="0" branch="false"/>
                                <line number="97" hits="0" branch="false"/>
                                <line number="91" hits="0" branch="false"/>
                                <line number="98" hits="0" branch="false"/>
                                <line number="97" hits="0" branch="false"/>
                                <line number="87" hits="0" branch="false"/>
                                <line number="97" hits="0" branch="false"/>
                                <line number="97" hits="0" branch="false"/>
                            </lines>
                        </method>
                    </methods>
                    <lines>
                        <line number="97" hits="0" branch="false"/>
                        <line number="37" hits="0" branch="true"/>
                        <line number="43" hits="0" branch="false"/>
                        <line number="92" hits="0" branch="false"/>
                        <line number="32" hits="0" branch="false"/>
                        <line number="97" hits="0" branch="false"/>
                        <line number="41" hits="0" branch="false"/>
                        <line number="45" hits="0" branch="false"/>
                        <line number="33" hits="0" branch="false"/>
                        <line number="44" hits="0" branch="false"/>
                        <line number="97" hits="0" branch="false"/>
                        <line number="41" hits="0" branch="false"/>
                        <line number="33" hits="0" branch="false"/>
                        <line number="98" hits="0" branch="false"/>
                        <line number="28" hits="0" branch="false"/>
                        <line number="37" hits="0" branch="false"/>
                        <line number="42" hits="0" branch="false"/>
                        <line number="46" hits="0" branch="false"/>
                        <line number="97" hits="0" branch="false"/>
                        <line number="42" hits="0" branch="false"/>
                        <line number="31" hits="0" branch="false"/>
                        <line number="37" hits="0" branch="false"/>
                        <line number="97" hits="0" branch="false"/>
                        <line number="92" hits="0" branch="false"/>
                        <line number="44" hits="0" branch="false"/>
                        <line number="42" hits="0" branch="false"/>
                        <line number="97" hits="0" branch="false"/>
                        <line number="41" hits="0" branch="false"/>
                        <line number="44" hits="0" branch="false"/>
                        <line number="33" hits="0" branch="false"/>
                        <line number="91" hits="0" branch="false"/>
                        <line number="98" hits="0" branch="false"/>
                        <line number="45" hits="0" branch="false"/>
                        <line number="33" hits="0" branch="false"/>
                        <line number="41" hits="0" branch="false"/>
                        <line number="97" hits="0" branch="false"/>
                        <line number="87" hits="0" branch="false"/>
                        <line number="37" hits="0" branch="true"/>
                        <line number="31" hits="0" branch="false"/>
                        <line number="97" hits="0" branch="false"/>
                        <line number="42" hits="0" branch="false"/>
                        <line number="46" hits="0" branch="false"/>
                        <line number="37" hits="0" branch="false"/>
                        <line number="28" hits="0" branch="false"/>
                        <line number="97" hits="0" branch="false"/>
                    </lines>
                </class>
                <class 
                name="router.RoutesPrefix" filename="router/RoutesPrefix.scala" line-rate="0.00" branch-rate="0.00" complexity="0">
                    <methods>
                        <method name="router/RoutesPrefix/&lt;none&gt;" signature="()V" line-rate="0.00" branch-rate="0.00" complexity="0">
                            <lines>
                                <line number="7" hits="0" branch="false"/>
                                <line number="12" hits="0" branch="false"/>
                            </lines>
                        </method>
                        <method name="router/RoutesPrefix/prefix" signature="()V" line-rate="0.00" branch-rate="0.00" complexity="0">
                            <lines>
                                <line number="11" hits="0" branch="false"/>
                            </lines>
                        </method>
                        <method name="router/RoutesPrefix/setPrefix" signature="()V" line-rate="0.00" branch-rate="0.00" complexity="0">
                            <lines>
                                <line number="9" hits="0" branch="false"/>
                            </lines>
                        </method>
                    </methods>
                    <lines>
                        <line number="7" hits="0" branch="false"/>
                        <line number="12" hits="0" branch="false"/>
                        <line number="11" hits="0" branch="false"/>
                        <line number="9" hits="0" branch="false"/>
                    </lines>
</class>
            </classes>
        </package>
        <package name="views.html" line-rate="0.00" branch-rate="0.00" complexity="0">
            <classes>
                <class 
                name="views.html.index" filename="views/html/index.template.scala" line-rate="0.00" branch-rate="0.00" complexity="0">
                    <methods>
                        <method name="views.html/index/apply" signature="()V" line-rate="0.00" branch-rate="0.00" complexity="0">
                            <lines>
                                <line number="26" hits="0" branch="false"/>
                                <line number="26" hits="0" branch="false"/>
                                <line number="27" hits="0" branch="false"/>
                                <line number="27" hits="0" branch="false"/>
                                <line number="29" hits="0" branch="false"/>
                                <line number="27" hits="0" branch="false"/>
                                <line number="27" hits="0" branch="false"/>
                                <line number="22" hits="0" branch="false"/>
                                <line number="27" hits="0" branch="false"/>
                                <line number="28" hits="0" branch="false"/>
                                <line number="27" hits="0" branch="false"/>
                            </lines>
                        </method>
                        <method name="views.html/index/render" signature="()V" line-rate="0.00" branch-rate="0.00" complexity="0">
                            <lines>
                                <line number="35" hits="0" branch="false"/>
                            </lines>
                        </method>
                        <method name="views.html/index/f" signature="()V" line-rate="0.00" branch-rate="0.00" complexity="0">
                            <lines>
                                <line number="37" hits="0" branch="false"/>
                            </lines>
                        </method>
                    </methods>
                    <lines>
                        <line number="26" hits="0" branch="false"/>
                        <line number="26" hits="0" branch="false"/>
                        <line number="27" hits="0" branch="false"/>
                        <line number="35" hits="0" branch="false"/>
                        <line number="27" hits="0" branch="false"/>
                        <line number="29" hits="0" branch="false"/>
                        <line number="27" hits="0" branch="false"/>
                        <line number="27" hits="0" branch="false"/>
                        <line number="22" hits="0" branch="false"/>
                        <line number="27" hits="0" branch="false"/>
                        <line number="37" hits="0" branch="false"/>
                        <line number="28" hits="0" branch="false"/>
                        <line number="27" hits="0" branch="false"/>
                    </lines>
</class>
                <class 
                name="views.html.main" filename="views/html/main.template.scala" line-rate="0.00" branch-rate="0.00" complexity="0">
                    <methods>
                        <method name="views.html/main/apply" signature="()V" line-rate="0.00" branch-rate="0.00" complexity="0">
                            <lines>
                                <line number="36" hits="0" branch="false"/>
                                <line number="27" hits="0" branch="false"/>
                                <line number="42" hits="0" branch="false"/>
                                <line number="31" hits="0" branch="false"/>
                                <line number="36" hits="0" branch="false"/>
                                <line number="38" hits="0" branch="false"/>
                                <line number="37" hits="0" branch="false"/>
                                <line number="43" hits="0" branch="false"/>
                                <line number="32" hits="0" branch="false"/>
                                <line number="38" hits="0" branch="false"/>
                                <line number="45" hits="0" branch="false"/>
                                <line number="45" hits="0" branch="false"/>
                                <line number="36" hits="0" branch="false"/>
                                <line number="38" hits="0" branch="false"/>
                                <line number="45" hits="0" branch="false"/>
                                <line number="37" hits="0" branch="false"/>
                                <line number="43" hits="0" branch="false"/>
                                <line number="31" hits="0" branch="false"/>
                                <line number="37" hits="0" branch="false"/>
                                <line number="37" hits="0" branch="false"/>
                                <line number="45" hits="0" branch="false"/>
                                <line number="45" hits="0" branch="false"/>
                                <line number="35" hits="0" branch="false"/>
                                <line number="38" hits="0" branch="false"/>
                            </lines>
                        </method>
                        <method name="views.html/main/f" signature="()V" line-rate="0.00" branch-rate="0.00" complexity="0">
                            <lines>
                                <line number="55" hits="0" branch="false"/>
                            </lines>
                        </method>
                        <method name="views.html/main/render" signature="()V" line-rate="0.00" branch-rate="0.00" complexity="0">
                            <lines>
                                <line number="53" hits="0" branch="false"/>
                            </lines>
                        </method>
                    </methods>
                    <lines>
                        <line number="36" hits="0" branch="false"/>
                        <line number="27" hits="0" branch="false"/>
                        <line number="42" hits="0" branch="false"/>
                        <line number="31" hits="0" branch="false"/>
                        <line number="36" hits="0" branch="false"/>
                        <line number="38" hits="0" branch="false"/>
                        <line number="55" hits="0" branch="false"/>
                        <line number="37" hits="0" branch="false"/>
                        <line number="43" hits="0" branch="false"/>
                        <line number="32" hits="0" branch="false"/>
                        <line number="38" hits="0" branch="false"/>
                        <line number="45" hits="0" branch="false"/>
                        <line number="45" hits="0" branch="false"/>
                        <line number="36" hits="0" branch="false"/>
                        <line number="38" hits="0" branch="false"/>
                        <line number="45" hits="0" branch="false"/>
                        <line number="37" hits="0" branch="false"/>
                        <line number="43" hits="0" branch="false"/>
                        <line number="53" hits="0" branch="false"/>
                        <line number="31" hits="0" branch="false"/>
                        <line number="37" hits="0" branch="false"/>
                        <line number="37" hits="0" branch="false"/>
                        <line number="45" hits="0" branch="false"/>
                        <line number="45" hits="0" branch="false"/>
                        <line number="35" hits="0" branch="false"/>
                        <line number="38" hits="0" branch="false"/>
                    </lines>
</class>
            </classes>
        </package>
    </packages>
</coverage>
